<?xml version="1.0" encoding="UTF-8"?>
<testng-results skipped="0" failed="0" total="0" passed="0">
  <reporter-output>
    <line>
      <![CDATA[<table><tr><td style="width:100px"><b>Step Name:</b></td><td style="width:530px"> Typed Jurrasic Park</td><td><b><font color="green">PASS</font></b></td></tr></table>]]>
    </line>
    <line>
      <![CDATA[<table><tr><td style="width:100px"><b>Step Name:</b></td><td style="width:530px"> Pressed Enter</td><td><a href=file:///E:\screenshot2.jpg><b><font color="red">FAIL</font></b></a></td></tr></table>]]>
    </line>
  </reporter-output>
  <suite name="Suite1" duration-ms="0" started-at="2016-05-03T16:13:52Z" finished-at="2016-05-03T16:13:52Z">
    <groups>
    </groups>
  </suite> <!-- Suite1 -->
</testng-results>
